vagrant@vagrant-ubuntu-vivid-64:/tmp$ ./atlassian-jira-6.4.6-x64.bin
Unpacking JRE ...
Starting Installer ...
Jun 22, 2015 8:48:55 PM java.util.prefs.FileSystemPreferences$1 run
INFO: Created user preferences directory.
Jun 22, 2015 8:48:55 PM java.util.prefs.FileSystemPreferences$2 run
INFO: Created system preferences directory in java.home.
You do not have administrator rights to this machine and as such, some installation options will not be available. Are you sure you want to continue?
Yes [y, Enter], No [n]
n
vagrant@vagrant-ubuntu-vivid-64:/tmp$ sudo ./atlassian-jira-6.4.6-x64.bin
Unpacking JRE ...
Starting Installer ...
Jun 22, 2015 8:49:27 PM java.util.prefs.FileSystemPreferences$1 run
INFO: Created user preferences directory.
Jun 22, 2015 8:49:27 PM java.util.prefs.FileSystemPreferences$2 run
INFO: Created system preferences directory in java.home.

This will install JIRA 6.4.6 on your computer.
OK [o, Enter], Cancel [c]

Choose the appropriate installation or upgrade option.
Please choose one of the following:
Express Install (use default settings) [1], Custom Install (recommended for advanced users) [2, Enter], Upgrade an existing JIRA installation [3]


Where should JIRA 6.4.6 be installed?
[/opt/atlassian/jira]

Default location for JIRA data
[/var/atlassian/application-data/jira]

Configure which ports JIRA will use.
JIRA requires two TCP ports that are not being used by any other
applications on this machine. The HTTP port is where you will access JIRA
through your browser. The Control port is used to Startup and Shutdown JIRA.
Use default ports (HTTP: 8080, Control: 8005) - Recommended [1, Enter], Set custom value for HTTP and Control ports [2]

JIRA can be run in the background.
You may choose to run JIRA as a service, which means it will start
automatically whenever the computer restarts.
Install JIRA as Service?
Yes [y, Enter], No [n]
n

Extracting files ...


Please wait a few moments while JIRA starts up.
Launching JIRA ...

Installation of JIRA 6.4.6 is complete
Your installation of JIRA 6.4.6 is now ready and can be accessed via your
browser.
JIRA 6.4.6 can be accessed at http://localhost:8080
Finishing installation ...
